d:\vs2013code\remotecontrolclient\remotecontrolclient\debug\remotecontrolclient.pch
d:\vs2013code\remotecontrolclient\remotecontrolclient\debug\vc120.pdb
d:\vs2013code\remotecontrolclient\remotecontrolclient\debug\vc120.idb
d:\vs2013code\remotecontrolclient\remotecontrolclient\debug\stdafx.obj
d:\vs2013code\remotecontrolclient\remotecontrolclient\debug\remotecontrolclient.obj
d:\vs2013code\remotecontrolclient\debug\remotecontrolclient.ilk
d:\vs2013code\remotecontrolclient\debug\remotecontrolclient.exe
d:\vs2013code\remotecontrolclient\debug\remotecontrolclient.pdb
d:\vs2013code\remotecontrolclient\remotecontrolclient\debug\remotecontrolclient.res
d:\vs2013code\remotecontrolclient - 副本\remotecontrolclient\debug\remotecontrolclient.obj
d:\vs2013code\remotecontrolclient - 副本\remotecontrolclient\debug\stdafx.obj
d:\vs2013code\remotecontrolclient - 副本\remotecontrolclient\debug\remotecontrolclient.res
d:\vs2013code\remotecontrolclient - 副本\remotecontrolclient\debug\remotecontrolclient.pch
d:\vs2013code\remotecontrolclient - 副本\remotecontrolclient\debug\vc120.idb
d:\vs2013code\remotecontrolclient - 副本\remotecontrolclient\debug\vc120.pdb
d:\vs2013code\remotecontrolclient - 副本\debug\remotecontrolclient.pdb
d:\vs2013code\remotecontrolclient - 副本\debug\remotecontrolclient.exe
d:\vs2013code\remotecontrolclient - 副本\debug\remotecontrolclient.ilk
d:\vs2013code\remotecontrolclient - 副本\remotecontrolclient\debug\remoteco.bdcecc75.tlog\cl.command.1.tlog
d:\vs2013code\remotecontrolclient - 副本\remotecontrolclient\debug\remoteco.bdcecc75.tlog\cl.read.1.tlog
d:\vs2013code\remotecontrolclient - 副本\remotecontrolclient\debug\remoteco.bdcecc75.tlog\cl.write.1.tlog
d:\vs2013code\remotecontrolclient - 副本\remotecontrolclient\debug\remoteco.bdcecc75.tlog\link.command.1.tlog
d:\vs2013code\remotecontrolclient - 副本\remotecontrolclient\debug\remoteco.bdcecc75.tlog\link.read.1.tlog
d:\vs2013code\remotecontrolclient - 副本\remotecontrolclient\debug\remoteco.bdcecc75.tlog\link.write.1.tlog
d:\vs2013code\remotecontrolclient - 副本\remotecontrolclient\debug\remoteco.bdcecc75.tlog\rc.command.1.tlog
d:\vs2013code\remotecontrolclient - 副本\remotecontrolclient\debug\remoteco.bdcecc75.tlog\rc.read.1.tlog
d:\vs2013code\remotecontrolclient - 副本\remotecontrolclient\debug\remoteco.bdcecc75.tlog\rc.write.1.tlog
